INFO  21-11-09 18:25:59[restartedMain] [BusienceAppAApplication:55] - Starting BusienceAppAApplication using Java 15.0.2 on DESKTOP-PGRO2H3 with PID 2260 (C:\Users\busience7\eclipse-workspace\BusienceApp-A\bin\main started by busience7 in C:\Users\busience7\eclipse-workspace\BusienceApp-A)
INFO  21-11-09 18:25:59[restartedMain] [BusienceAppAApplication:659] - No active profile set, falling back to default profiles: default
INFO  21-11-09 18:25:59[restartedMain] [TomcatWebServer:108] - Tomcat initialized with port(s): 8080 (http)
INFO  21-11-09 18:25:59[restartedMain] [Http11NioProtocol:173] - Initializing ProtocolHandler ["http-nio-8080"]
INFO  21-11-09 18:25:59[restartedMain] [StandardService:173] - Starting service [Tomcat]
INFO  21-11-09 18:25:59[restartedMain] [StandardEngine:173] - Starting Servlet engine: [Apache Tomcat/9.0.52]
INFO  21-11-09 18:26:00[restartedMain] [TldScanner:173] - At least one JAR was scanned for TLDs yet contained no TLDs. Enable debug logging for this logger for a complete list of JARs that were scanned but no TLDs were found in them. Skipping unneeded JARs during scanning can improve startup time and JSP compilation time.
INFO  21-11-09 18:26:00[restartedMain] [[/]:173] - Initializing Spring embedded WebApplicationContext
INFO  21-11-09 18:26:00[restartedMain] [ServletWebServerApplicationContext:290] - Root WebApplicationContext: initialization completed in 626 ms
WARN  21-11-09 18:26:00[restartedMain] [[/]:173] - Cannot deserialize session attribute [SPRING_SECURITY_CONTEXT] for session [32AFD85DDD2C5A04B9BE2FB742DA9B94]
INFO  21-11-09 18:26:00[restartedMain] [TilesAccess:93] - Publishing TilesContext for context: org.springframework.web.servlet.view.tiles3.SpringWildcardServletTilesApplicationContext
INFO  21-11-09 18:26:00[restartedMain] [DefaultSecurityFilterChain:51] - Will secure Ant [pattern='/css/**'] with []
INFO  21-11-09 18:26:00[restartedMain] [DefaultSecurityFilterChain:51] - Will secure Ant [pattern='/js/**'] with []
INFO  21-11-09 18:26:00[restartedMain] [DefaultSecurityFilterChain:51] - Will secure Ant [pattern='/fonts/**'] with []
INFO  21-11-09 18:26:00[restartedMain] [DefaultSecurityFilterChain:51] - Will secure Ant [pattern='/images/**'] with []
INFO  21-11-09 18:26:00[restartedMain] [DefaultSecurityFilterChain:51] - Will secure any request with [org.springframework.security.web.context.request.async.WebAsyncManagerIntegrationFilter@58dde11a, org.springframework.security.web.context.SecurityContextPersistenceFilter@6e219b08, org.springframework.security.web.header.HeaderWriterFilter@5845e16b, org.springframework.security.web.csrf.CsrfFilter@6c77d085, org.springframework.security.web.authentication.logout.LogoutFilter@62860374, org.springframework.security.web.authentication.UsernamePasswordAuthenticationFilter@3770cdaa, org.springframework.security.web.savedrequest.RequestCacheAwareFilter@4f23d8db, org.springframework.security.web.servletapi.SecurityContextHolderAwareRequestFilter@389a26ed, org.springframework.security.web.authentication.AnonymousAuthenticationFilter@3d2756a5, org.springframework.security.web.session.SessionManagementFilter@3c8087e5, org.springframework.security.web.access.ExceptionTranslationFilter@44ccadea, org.springframework.security.web.access.intercept.FilterSecurityInterceptor@65df07c4]
INFO  21-11-09 18:26:00[restartedMain] [OptionalLiveReloadServer:58] - LiveReload server is running on port 35729
INFO  21-11-09 18:26:00[restartedMain] [Http11NioProtocol:173] - Starting ProtocolHandler ["http-nio-8080"]
INFO  21-11-09 18:26:00[restartedMain] [TomcatWebServer:220] - Tomcat started on port(s): 8080 (http) with context path ''
INFO  21-11-09 18:26:00[restartedMain] [BusienceAppAApplication:61] - Started BusienceAppAApplication in 0.955 seconds (JVM running for 1362.582)
INFO  21-11-09 18:26:00[restartedMain] [ConditionEvaluationDeltaLoggingListener:63] - Condition evaluation unchanged
INFO  21-11-09 18:27:26[Thread-11] [TilesAccess:88] - Removing TilesContext for context: org.springframework.web.servlet.view.tiles3.SpringWildcardServletTilesApplicationContext
